{
  "stats": {
    "suites": 1,
    "tests": 1,
    "passes": 1,
    "pending": 0,
    "failures": 0,
    "start": "2021-10-29T19:38:43.450Z",
    "end": "2021-10-29T19:39:10.181Z",
    "duration": 26731,
    "testsRegistered": 1,
    "passPercent": 100,
    "pendingPercent": 0,
    "other": 0,
    "hasOther": false,
    "skipped": 0,
    "hasSkipped": false
  },
  "results": [
    {
      "uuid": "a0203dc5-2045-408c-a646-cbea3d5d6b02",
      "title": "",
      "fullFile": "cypress/integration/cadastro.spec.js",
      "file": "cypress/integration/cadastro.spec.js",
      "beforeHooks": [],
      "afterHooks": [],
      "tests": [],
      "suites": [
        {
          "uuid": "a4d60eb9-5d0a-4b1b-8704-20783dc0f72c",
          "title": "Cadastro",
          "fullFile": "",
          "file": "",
          "beforeHooks": [],
          "afterHooks": [],
          "tests": [
            {
              "title": "Cadastro de novo usuario",
              "fullTitle": "Cadastro Cadastro de novo usuario",
              "timedOut": null,
              "duration": 26590,
              "state": "passed",
              "speed": "slow",
              "pass": true,
              "fail": false,
              "pending": false,
              "context": null,
              "code": "cy.visit('index.php');\ncy.get('a[class=login]').click();\ncy.get('input#email_create').type(chance.email());\ncy.get('button#SubmitCreate').click();\ncy.get('input#id_gender1').check();\ncy.get('input#customer_firstname').type(chance.first());\ncy.get('input#customer_lastname').type(chance.last());\ncy.get('input#passwd').type('12345');\ncy.get('select#days').select('10');\ncy.get('select#months').select('10');\ncy.get('select#years').select('1999');\ncy.get('input[type=checkbox]').should('have.value', '1');\ncy.get('input#optin').check();\ncy.get('input#address1').type(chance.address());\ncy.get('input#city').type(chance.city()); //⬇⬇⬇⬇ Seleciona o elemento na posição x(3) independente do value ou text\ncy.get('select#id_state > option').eq(3).then(element => cy.get('select#id_state').select(element.val()));\ncy.get('input#postcode').type(chance.zip()); //cy.get       ('select#id_country').select('21');             ///> Quebra o teste  \ncy.get('input#phone_mobile').type(chance.phone());\ncy.get('input#alias').type(chance.address());\ncy.get('button#submitAccount').click(); //⬇⬇⬇⬇ Validando a url usando baseUrl + rota\ncy.url().should('eq', Cypress.config().baseUrl + '/index.php?controller=my-account'); //⬇⬇⬇⬇ Validando texto (Welcome to your account)\ncy.get('p[class^=info]').should('contain.text', 'Welcome to your account');",
              "err": {},
              "uuid": "597fa6c4-9015-47da-8a10-09cdc92d2a9f",
              "parentUUID": "a4d60eb9-5d0a-4b1b-8704-20783dc0f72c",
              "isHook": false,
              "skipped": false
            }
          ],
          "suites": [],
          "passes": [
            "597fa6c4-9015-47da-8a10-09cdc92d2a9f"
          ],
          "failures": [],
          "pending": [],
          "skipped": [],
          "duration": 26590,
          "root": false,
          "rootEmpty": false,
          "_timeout": 2000
        }
      ],
      "passes": [],
      "failures": [],
      "pending": [],
      "skipped": [],
      "duration": 0,
      "root": true,
      "rootEmpty": true,
      "_timeout": 2000
    }
  ],
  "meta": {
    "mocha": {
      "version": "7.0.1"
    },
    "mochawesome": {
      "options": {
        "quiet": true,
        "reportFilename": "mochawesome",
        "saveHtml": false,
        "saveJson": true,
        "consoleReporter": "spec",
        "useInlineDiffs": false,
        "code": true
      },
      "version": "6.3.1"
    },
    "marge": {
      "options": {
        "id": "default",
        "reportDir": "mochawesome-report",
        "quiet": true,
        "overwrite": false,
        "html": false,
        "json": true
      },
      "version": "5.2.0"
    }
  }
}